[2022-05-22 12:34:05,757] [INFO] - Slf4jLogger started
[2022-05-22 12:34:10,328] [INFO] - Server online at http://0:0:0:0:0:0:0:0:8080/
[2022-05-22 12:34:30,882] [INFO] - run: fff
[2022-05-22 12:34:30,911] [INFO] - runner: fff
[2022-05-22 12:34:30,962] [ERROR] - Cannot run program "fff": CreateProcess error=2, Не удается найти указанный файл
java.lang.ProcessBuilder.start(ProcessBuilder.java:1048)
ru.neoflex.datalog.actors.SystemUtilRunnerActor$.$anonfun$runSh$2(SystemUtilRunnerActor.scala:42)
scala.runtime.java8.JFunction0$mcZ$sp.apply(JFunction0$mcZ$sp.java:12)
akka.dispatch.MonitorableThreadFactory$AkkaForkJoinWorkerThread$$anon$3.block(ThreadPoolBuilder.scala:174)
java.util.concurrent.ForkJoinPool.managedBlock(ForkJoinPool.java:3313)
akka.dispatch.MonitorableThreadFactory$AkkaForkJoinWorkerThread.blockOn(ThreadPoolBuilder.scala:172)
akka.dispatch.BatchingExecutor$BlockableBatch.blockOn(BatchingExecutor.scala:116)
scala.concurrent.package$.blocking(package.scala:142)
ru.neoflex.datalog.actors.SystemUtilRunnerActor$.$anonfun$runSh$1(SystemUtilRunnerActor.scala:37)
scala.runtime.java8.JFunction0$mcZ$sp.apply(JFunction0$mcZ$sp.java:12)
scala.concurrent.Future$.$anonfun$apply$1(Future.scala:655)
scala.util.Success.$anonfun$map$1(Try.scala:251)
scala.util.Success.map(Try.scala:209)
scala.concurrent.Future.$anonfun$map$1(Future.scala:289)
scala.concurrent.impl.Promise.liftedTree1$1(Promise.scala:29)
scala.concurrent.impl.Promise.$anonfun$transform$1(Promise.scala:29)
scala.concurrent.impl.CallbackRunnable.run$$$capture(Promise.scala:60)
scala.concurrent.impl.CallbackRunnable.run(Promise.scala)
akka.dispatch.BatchingExecutor$AbstractBatch.processBatch(BatchingExecutor.scala:63)
akka.dispatch.BatchingExecutor$BlockableBatch.$anonfun$run$1(BatchingExecutor.scala:100)
scala.runtime.java8.JFunction0$mcV$sp.apply(JFunction0$mcV$sp.java:12)
scala.concurrent.BlockContext$.withBlockContext(BlockContext.scala:81)
akka.dispatch.BatchingExecutor$BlockableBatch.run(BatchingExecutor.scala:100)
akka.dispatch.TaskInvocation.run(AbstractDispatcher.scala:49)
akka.dispatch.ForkJoinExecutorConfigurator$AkkaForkJoinTask.exec(ForkJoinExecutorConfigurator.scala:48)
java.util.concurrent.ForkJoinTask.doExec$$$capture(ForkJoinTask.java:289)
java.util.concurrent.ForkJoinTask.doExec(ForkJoinTask.java)
java.util.concurrent.ForkJoinPool$WorkQueue.runTask(ForkJoinPool.java:1056)
java.util.concurrent.ForkJoinPool.runWorker(ForkJoinPool.java:1692)
java.util.concurrent.ForkJoinWorkerThread.run(ForkJoinWorkerThread.java:157)
[2022-05-22 12:35:21,292] [INFO] - run: bbb
[2022-05-22 12:35:21,293] [INFO] - runner: bbb
[2022-05-22 12:35:21,301] [ERROR] - Cannot run program "bbb": CreateProcess error=2, Не удается найти указанный файл
java.lang.ProcessBuilder.start(ProcessBuilder.java:1048)
ru.neoflex.datalog.actors.SystemUtilRunnerActor$.$anonfun$runSh$2(SystemUtilRunnerActor.scala:42)
scala.runtime.java8.JFunction0$mcZ$sp.apply(JFunction0$mcZ$sp.java:12)
akka.dispatch.MonitorableThreadFactory$AkkaForkJoinWorkerThread$$anon$3.block(ThreadPoolBuilder.scala:174)
java.util.concurrent.ForkJoinPool.managedBlock(ForkJoinPool.java:3313)
akka.dispatch.MonitorableThreadFactory$AkkaForkJoinWorkerThread.blockOn(ThreadPoolBuilder.scala:172)
akka.dispatch.BatchingExecutor$BlockableBatch.blockOn(BatchingExecutor.scala:116)
scala.concurrent.package$.blocking(package.scala:142)
ru.neoflex.datalog.actors.SystemUtilRunnerActor$.$anonfun$runSh$1(SystemUtilRunnerActor.scala:37)
scala.runtime.java8.JFunction0$mcZ$sp.apply(JFunction0$mcZ$sp.java:12)
scala.concurrent.Future$.$anonfun$apply$1(Future.scala:655)
scala.util.Success.$anonfun$map$1(Try.scala:251)
scala.util.Success.map(Try.scala:209)
scala.concurrent.Future.$anonfun$map$1(Future.scala:289)
scala.concurrent.impl.Promise.liftedTree1$1(Promise.scala:29)
scala.concurrent.impl.Promise.$anonfun$transform$1(Promise.scala:29)
scala.concurrent.impl.CallbackRunnable.run$$$capture(Promise.scala:60)
scala.concurrent.impl.CallbackRunnable.run(Promise.scala)
akka.dispatch.BatchingExecutor$AbstractBatch.processBatch(BatchingExecutor.scala:63)
akka.dispatch.BatchingExecutor$BlockableBatch.$anonfun$run$1(BatchingExecutor.scala:100)
scala.runtime.java8.JFunction0$mcV$sp.apply(JFunction0$mcV$sp.java:12)
scala.concurrent.BlockContext$.withBlockContext(BlockContext.scala:81)
akka.dispatch.BatchingExecutor$BlockableBatch.run(BatchingExecutor.scala:100)
akka.dispatch.TaskInvocation.run(AbstractDispatcher.scala:49)
akka.dispatch.ForkJoinExecutorConfigurator$AkkaForkJoinTask.exec(ForkJoinExecutorConfigurator.scala:48)
java.util.concurrent.ForkJoinTask.doExec$$$capture(ForkJoinTask.java:289)
java.util.concurrent.ForkJoinTask.doExec(ForkJoinTask.java)
java.util.concurrent.ForkJoinPool$WorkQueue.runTask(ForkJoinPool.java:1056)
java.util.concurrent.ForkJoinPool.runWorker(ForkJoinPool.java:1692)
java.util.concurrent.ForkJoinWorkerThread.run(ForkJoinWorkerThread.java:157)
[2022-05-22 12:37:02,918] [INFO] - run: echo "AAA"
[2022-05-22 12:37:02,919] [INFO] - runner: echo "AAA"
[2022-05-22 12:37:02,928] [ERROR] - Cannot run program "echo": CreateProcess error=2, Не удается найти указанный файл
java.lang.ProcessBuilder.start(ProcessBuilder.java:1048)
ru.neoflex.datalog.actors.SystemUtilRunnerActor$.$anonfun$runSh$2(SystemUtilRunnerActor.scala:42)
scala.runtime.java8.JFunction0$mcZ$sp.apply(JFunction0$mcZ$sp.java:12)
akka.dispatch.MonitorableThreadFactory$AkkaForkJoinWorkerThread$$anon$3.block(ThreadPoolBuilder.scala:174)
java.util.concurrent.ForkJoinPool.managedBlock(ForkJoinPool.java:3313)
akka.dispatch.MonitorableThreadFactory$AkkaForkJoinWorkerThread.blockOn(ThreadPoolBuilder.scala:172)
akka.dispatch.BatchingExecutor$BlockableBatch.blockOn(BatchingExecutor.scala:116)
scala.concurrent.package$.blocking(package.scala:142)
ru.neoflex.datalog.actors.SystemUtilRunnerActor$.$anonfun$runSh$1(SystemUtilRunnerActor.scala:37)
scala.runtime.java8.JFunction0$mcZ$sp.apply(JFunction0$mcZ$sp.java:12)
scala.concurrent.Future$.$anonfun$apply$1(Future.scala:655)
scala.util.Success.$anonfun$map$1(Try.scala:251)
scala.util.Success.map(Try.scala:209)
scala.concurrent.Future.$anonfun$map$1(Future.scala:289)
scala.concurrent.impl.Promise.liftedTree1$1(Promise.scala:29)
scala.concurrent.impl.Promise.$anonfun$transform$1(Promise.scala:29)
scala.concurrent.impl.CallbackRunnable.run$$$capture(Promise.scala:60)
scala.concurrent.impl.CallbackRunnable.run(Promise.scala)
akka.dispatch.BatchingExecutor$AbstractBatch.processBatch(BatchingExecutor.scala:63)
akka.dispatch.BatchingExecutor$BlockableBatch.$anonfun$run$1(BatchingExecutor.scala:100)
scala.runtime.java8.JFunction0$mcV$sp.apply(JFunction0$mcV$sp.java:12)
scala.concurrent.BlockContext$.withBlockContext(BlockContext.scala:81)
akka.dispatch.BatchingExecutor$BlockableBatch.run(BatchingExecutor.scala:100)
akka.dispatch.TaskInvocation.run(AbstractDispatcher.scala:49)
akka.dispatch.ForkJoinExecutorConfigurator$AkkaForkJoinTask.exec(ForkJoinExecutorConfigurator.scala:48)
java.util.concurrent.ForkJoinTask.doExec$$$capture(ForkJoinTask.java:289)
java.util.concurrent.ForkJoinTask.doExec(ForkJoinTask.java)
java.util.concurrent.ForkJoinPool$WorkQueue.runTask(ForkJoinPool.java:1056)
java.util.concurrent.ForkJoinPool.runWorker(ForkJoinPool.java:1692)
java.util.concurrent.ForkJoinWorkerThread.run(ForkJoinWorkerThread.java:157)
[2022-05-22 12:37:03,246] [INFO] - run: echo "AAA"
[2022-05-22 12:37:03,247] [INFO] - runner: echo "AAA"
[2022-05-22 12:37:03,254] [ERROR] - Cannot run program "echo": CreateProcess error=2, Не удается найти указанный файл
java.lang.ProcessBuilder.start(ProcessBuilder.java:1048)
ru.neoflex.datalog.actors.SystemUtilRunnerActor$.$anonfun$runSh$2(SystemUtilRunnerActor.scala:42)
scala.runtime.java8.JFunction0$mcZ$sp.apply(JFunction0$mcZ$sp.java:12)
akka.dispatch.MonitorableThreadFactory$AkkaForkJoinWorkerThread$$anon$3.block(ThreadPoolBuilder.scala:174)
java.util.concurrent.ForkJoinPool.managedBlock(ForkJoinPool.java:3313)
akka.dispatch.MonitorableThreadFactory$AkkaForkJoinWorkerThread.blockOn(ThreadPoolBuilder.scala:172)
akka.dispatch.BatchingExecutor$BlockableBatch.blockOn(BatchingExecutor.scala:116)
scala.concurrent.package$.blocking(package.scala:142)
ru.neoflex.datalog.actors.SystemUtilRunnerActor$.$anonfun$runSh$1(SystemUtilRunnerActor.scala:37)
scala.runtime.java8.JFunction0$mcZ$sp.apply(JFunction0$mcZ$sp.java:12)
scala.concurrent.Future$.$anonfun$apply$1(Future.scala:655)
scala.util.Success.$anonfun$map$1(Try.scala:251)
scala.util.Success.map(Try.scala:209)
scala.concurrent.Future.$anonfun$map$1(Future.scala:289)
scala.concurrent.impl.Promise.liftedTree1$1(Promise.scala:29)
scala.concurrent.impl.Promise.$anonfun$transform$1(Promise.scala:29)
scala.concurrent.impl.CallbackRunnable.run$$$capture(Promise.scala:60)
scala.concurrent.impl.CallbackRunnable.run(Promise.scala)
akka.dispatch.BatchingExecutor$AbstractBatch.processBatch(BatchingExecutor.scala:63)
akka.dispatch.BatchingExecutor$BlockableBatch.$anonfun$run$1(BatchingExecutor.scala:100)
scala.runtime.java8.JFunction0$mcV$sp.apply(JFunction0$mcV$sp.java:12)
scala.concurrent.BlockContext$.withBlockContext(BlockContext.scala:81)
akka.dispatch.BatchingExecutor$BlockableBatch.run(BatchingExecutor.scala:100)
akka.dispatch.TaskInvocation.run(AbstractDispatcher.scala:49)
akka.dispatch.ForkJoinExecutorConfigurator$AkkaForkJoinTask.exec(ForkJoinExecutorConfigurator.scala:48)
java.util.concurrent.ForkJoinTask.doExec$$$capture(ForkJoinTask.java:289)
java.util.concurrent.ForkJoinTask.doExec(ForkJoinTask.java)
java.util.concurrent.ForkJoinPool$WorkQueue.runTask(ForkJoinPool.java:1056)
java.util.concurrent.ForkJoinPool.runWorker(ForkJoinPool.java:1692)
java.util.concurrent.ForkJoinWorkerThread.run(ForkJoinWorkerThread.java:157)
[2022-05-22 12:38:39,857] [INFO] - run: echo AAA
[2022-05-22 12:38:39,858] [INFO] - runner: echo AAA
[2022-05-22 12:38:39,867] [ERROR] - Cannot run program "echo": CreateProcess error=2, Не удается найти указанный файл
java.lang.ProcessBuilder.start(ProcessBuilder.java:1048)
ru.neoflex.datalog.actors.SystemUtilRunnerActor$.$anonfun$runSh$2(SystemUtilRunnerActor.scala:42)
scala.runtime.java8.JFunction0$mcZ$sp.apply(JFunction0$mcZ$sp.java:12)
akka.dispatch.MonitorableThreadFactory$AkkaForkJoinWorkerThread$$anon$3.block(ThreadPoolBuilder.scala:174)
java.util.concurrent.ForkJoinPool.managedBlock(ForkJoinPool.java:3313)
akka.dispatch.MonitorableThreadFactory$AkkaForkJoinWorkerThread.blockOn(ThreadPoolBuilder.scala:172)
akka.dispatch.BatchingExecutor$BlockableBatch.blockOn(BatchingExecutor.scala:116)
scala.concurrent.package$.blocking(package.scala:142)
ru.neoflex.datalog.actors.SystemUtilRunnerActor$.$anonfun$runSh$1(SystemUtilRunnerActor.scala:37)
scala.runtime.java8.JFunction0$mcZ$sp.apply(JFunction0$mcZ$sp.java:12)
scala.concurrent.Future$.$anonfun$apply$1(Future.scala:655)
scala.util.Success.$anonfun$map$1(Try.scala:251)
scala.util.Success.map(Try.scala:209)
scala.concurrent.Future.$anonfun$map$1(Future.scala:289)
scala.concurrent.impl.Promise.liftedTree1$1(Promise.scala:29)
scala.concurrent.impl.Promise.$anonfun$transform$1(Promise.scala:29)
scala.concurrent.impl.CallbackRunnable.run$$$capture(Promise.scala:60)
scala.concurrent.impl.CallbackRunnable.run(Promise.scala)
akka.dispatch.BatchingExecutor$AbstractBatch.processBatch(BatchingExecutor.scala:63)
akka.dispatch.BatchingExecutor$BlockableBatch.$anonfun$run$1(BatchingExecutor.scala:100)
scala.runtime.java8.JFunction0$mcV$sp.apply(JFunction0$mcV$sp.java:12)
scala.concurrent.BlockContext$.withBlockContext(BlockContext.scala:81)
akka.dispatch.BatchingExecutor$BlockableBatch.run(BatchingExecutor.scala:100)
akka.dispatch.TaskInvocation.run(AbstractDispatcher.scala:49)
akka.dispatch.ForkJoinExecutorConfigurator$AkkaForkJoinTask.exec(ForkJoinExecutorConfigurator.scala:48)
java.util.concurrent.ForkJoinTask.doExec$$$capture(ForkJoinTask.java:289)
java.util.concurrent.ForkJoinTask.doExec(ForkJoinTask.java)
java.util.concurrent.ForkJoinPool$WorkQueue.runTask(ForkJoinPool.java:1056)
java.util.concurrent.ForkJoinPool.runWorker(ForkJoinPool.java:1692)
java.util.concurrent.ForkJoinWorkerThread.run(ForkJoinWorkerThread.java:157)
[2022-05-22 12:39:17,171] [INFO] - run: ddddddddddddd
[2022-05-22 12:39:17,172] [INFO] - runner: ddddddddddddd
[2022-05-22 12:39:17,178] [ERROR] - Cannot run program "ddddddddddddd": CreateProcess error=2, Не удается найти указанный файл
java.lang.ProcessBuilder.start(ProcessBuilder.java:1048)
ru.neoflex.datalog.actors.SystemUtilRunnerActor$.$anonfun$runSh$2(SystemUtilRunnerActor.scala:42)
scala.runtime.java8.JFunction0$mcZ$sp.apply(JFunction0$mcZ$sp.java:12)
akka.dispatch.MonitorableThreadFactory$AkkaForkJoinWorkerThread$$anon$3.block(ThreadPoolBuilder.scala:174)
java.util.concurrent.ForkJoinPool.managedBlock(ForkJoinPool.java:3313)
akka.dispatch.MonitorableThreadFactory$AkkaForkJoinWorkerThread.blockOn(ThreadPoolBuilder.scala:172)
akka.dispatch.BatchingExecutor$BlockableBatch.blockOn(BatchingExecutor.scala:116)
scala.concurrent.package$.blocking(package.scala:142)
ru.neoflex.datalog.actors.SystemUtilRunnerActor$.$anonfun$runSh$1(SystemUtilRunnerActor.scala:37)
scala.runtime.java8.JFunction0$mcZ$sp.apply(JFunction0$mcZ$sp.java:12)
scala.concurrent.Future$.$anonfun$apply$1(Future.scala:655)
scala.util.Success.$anonfun$map$1(Try.scala:251)
scala.util.Success.map(Try.scala:209)
scala.concurrent.Future.$anonfun$map$1(Future.scala:289)
scala.concurrent.impl.Promise.liftedTree1$1(Promise.scala:29)
scala.concurrent.impl.Promise.$anonfun$transform$1(Promise.scala:29)
scala.concurrent.impl.CallbackRunnable.run$$$capture(Promise.scala:60)
scala.concurrent.impl.CallbackRunnable.run(Promise.scala)
akka.dispatch.BatchingExecutor$AbstractBatch.processBatch(BatchingExecutor.scala:63)
akka.dispatch.BatchingExecutor$BlockableBatch.$anonfun$run$1(BatchingExecutor.scala:100)
scala.runtime.java8.JFunction0$mcV$sp.apply(JFunction0$mcV$sp.java:12)
scala.concurrent.BlockContext$.withBlockContext(BlockContext.scala:81)
akka.dispatch.BatchingExecutor$BlockableBatch.run(BatchingExecutor.scala:100)
akka.dispatch.TaskInvocation.run(AbstractDispatcher.scala:49)
akka.dispatch.ForkJoinExecutorConfigurator$AkkaForkJoinTask.exec(ForkJoinExecutorConfigurator.scala:48)
java.util.concurrent.ForkJoinTask.doExec$$$capture(ForkJoinTask.java:289)
java.util.concurrent.ForkJoinTask.doExec(ForkJoinTask.java)
java.util.concurrent.ForkJoinPool$WorkQueue.runTask(ForkJoinPool.java:1056)
java.util.concurrent.ForkJoinPool.runWorker(ForkJoinPool.java:1692)
java.util.concurrent.ForkJoinWorkerThread.run(ForkJoinWorkerThread.java:157)
[2022-05-22 13:41:24,457] [INFO] - Slf4jLogger started
[2022-05-22 13:41:28,694] [INFO] - Server online at http://0:0:0:0:0:0:0:0:8080/
[2022-05-22 13:42:05,713] [INFO] - run: echo command1
[2022-05-22 13:42:05,730] [INFO] - runner: echo command1
[2022-05-22 13:42:05,790] [ERROR] - Cannot run program "echo": CreateProcess error=2, Не удается найти указанный файл
java.lang.ProcessBuilder.start(ProcessBuilder.java:1048)
ru.neoflex.datalog.actors.SystemUtilRunnerActor$.$anonfun$runSh$2(SystemUtilRunnerActor.scala:42)
scala.runtime.java8.JFunction0$mcZ$sp.apply(JFunction0$mcZ$sp.java:12)
akka.dispatch.MonitorableThreadFactory$AkkaForkJoinWorkerThread$$anon$3.block(ThreadPoolBuilder.scala:174)
java.util.concurrent.ForkJoinPool.managedBlock(ForkJoinPool.java:3313)
akka.dispatch.MonitorableThreadFactory$AkkaForkJoinWorkerThread.blockOn(ThreadPoolBuilder.scala:172)
akka.dispatch.BatchingExecutor$BlockableBatch.blockOn(BatchingExecutor.scala:116)
scala.concurrent.package$.blocking(package.scala:142)
ru.neoflex.datalog.actors.SystemUtilRunnerActor$.$anonfun$runSh$1(SystemUtilRunnerActor.scala:37)
scala.runtime.java8.JFunction0$mcZ$sp.apply(JFunction0$mcZ$sp.java:12)
scala.concurrent.Future$.$anonfun$apply$1(Future.scala:655)
scala.util.Success.$anonfun$map$1(Try.scala:251)
scala.util.Success.map(Try.scala:209)
scala.concurrent.Future.$anonfun$map$1(Future.scala:289)
scala.concurrent.impl.Promise.liftedTree1$1(Promise.scala:29)
scala.concurrent.impl.Promise.$anonfun$transform$1(Promise.scala:29)
scala.concurrent.impl.CallbackRunnable.run$$$capture(Promise.scala:60)
scala.concurrent.impl.CallbackRunnable.run(Promise.scala)
akka.dispatch.BatchingExecutor$AbstractBatch.processBatch(BatchingExecutor.scala:63)
akka.dispatch.BatchingExecutor$BlockableBatch.$anonfun$run$1(BatchingExecutor.scala:100)
scala.runtime.java8.JFunction0$mcV$sp.apply(JFunction0$mcV$sp.java:12)
scala.concurrent.BlockContext$.withBlockContext(BlockContext.scala:81)
akka.dispatch.BatchingExecutor$BlockableBatch.run(BatchingExecutor.scala:100)
akka.dispatch.TaskInvocation.run(AbstractDispatcher.scala:49)
akka.dispatch.ForkJoinExecutorConfigurator$AkkaForkJoinTask.exec(ForkJoinExecutorConfigurator.scala:48)
java.util.concurrent.ForkJoinTask.doExec$$$capture(ForkJoinTask.java:289)
java.util.concurrent.ForkJoinTask.doExec(ForkJoinTask.java)
java.util.concurrent.ForkJoinPool$WorkQueue.runTask(ForkJoinPool.java:1056)
java.util.concurrent.ForkJoinPool.runWorker(ForkJoinPool.java:1692)
java.util.concurrent.ForkJoinWorkerThread.run(ForkJoinWorkerThread.java:157)
[2022-05-22 16:45:33,709] [INFO] - Slf4jLogger started
[2022-05-22 16:45:38,381] [INFO] - Server online at http://0:0:0:0:0:0:0:0:8080/
[2022-05-22 16:47:47,146] [INFO] - run: nnn
[2022-05-22 16:47:47,170] [INFO] - runner: nnn
[2022-05-22 16:47:47,207] [ERROR] - Cannot run program "nnn": CreateProcess error=2, Не удается найти указанный файл
java.lang.ProcessBuilder.start(ProcessBuilder.java:1048)
ru.neoflex.datalog.actors.SystemUtilRunnerActor$.$anonfun$runSh$2(SystemUtilRunnerActor.scala:41)
akka.dispatch.MonitorableThreadFactory$AkkaForkJoinWorkerThread$$anon$3.block(ThreadPoolBuilder.scala:174)
java.util.concurrent.ForkJoinPool.managedBlock(ForkJoinPool.java:3313)
akka.dispatch.MonitorableThreadFactory$AkkaForkJoinWorkerThread.blockOn(ThreadPoolBuilder.scala:172)
akka.dispatch.BatchingExecutor$BlockableBatch.blockOn(BatchingExecutor.scala:116)
scala.concurrent.package$.blocking(package.scala:142)
ru.neoflex.datalog.actors.SystemUtilRunnerActor$.$anonfun$runSh$1(SystemUtilRunnerActor.scala:37)
scala.concurrent.Future$.$anonfun$apply$1(Future.scala:655)
scala.util.Success.$anonfun$map$1(Try.scala:251)
scala.util.Success.map(Try.scala:209)
scala.concurrent.Future.$anonfun$map$1(Future.scala:289)
scala.concurrent.impl.Promise.liftedTree1$1(Promise.scala:29)
scala.concurrent.impl.Promise.$anonfun$transform$1(Promise.scala:29)
scala.concurrent.impl.CallbackRunnable.run$$$capture(Promise.scala:60)
scala.concurrent.impl.CallbackRunnable.run(Promise.scala)
akka.dispatch.BatchingExecutor$AbstractBatch.processBatch(BatchingExecutor.scala:63)
akka.dispatch.BatchingExecutor$BlockableBatch.$anonfun$run$1(BatchingExecutor.scala:100)
scala.runtime.java8.JFunction0$mcV$sp.apply(JFunction0$mcV$sp.java:12)
scala.concurrent.BlockContext$.withBlockContext(BlockContext.scala:81)
akka.dispatch.BatchingExecutor$BlockableBatch.run(BatchingExecutor.scala:100)
akka.dispatch.TaskInvocation.run(AbstractDispatcher.scala:49)
akka.dispatch.ForkJoinExecutorConfigurator$AkkaForkJoinTask.exec(ForkJoinExecutorConfigurator.scala:48)
java.util.concurrent.ForkJoinTask.doExec$$$capture(ForkJoinTask.java:289)
java.util.concurrent.ForkJoinTask.doExec(ForkJoinTask.java)
java.util.concurrent.ForkJoinPool$WorkQueue.runTask(ForkJoinPool.java:1056)
java.util.concurrent.ForkJoinPool.runWorker(ForkJoinPool.java:1692)
java.util.concurrent.ForkJoinWorkerThread.run(ForkJoinWorkerThread.java:157)
[2022-05-22 16:48:18,906] [INFO] - run: vvv
[2022-05-22 16:48:18,907] [INFO] - runner: vvv
[2022-05-22 16:48:18,914] [ERROR] - Cannot run program "vvv": CreateProcess error=2, Не удается найти указанный файл
java.lang.ProcessBuilder.start(ProcessBuilder.java:1048)
ru.neoflex.datalog.actors.SystemUtilRunnerActor$.$anonfun$runSh$2(SystemUtilRunnerActor.scala:41)
akka.dispatch.MonitorableThreadFactory$AkkaForkJoinWorkerThread$$anon$3.block(ThreadPoolBuilder.scala:174)
java.util.concurrent.ForkJoinPool.managedBlock(ForkJoinPool.java:3313)
akka.dispatch.MonitorableThreadFactory$AkkaForkJoinWorkerThread.blockOn(ThreadPoolBuilder.scala:172)
akka.dispatch.BatchingExecutor$BlockableBatch.blockOn(BatchingExecutor.scala:116)
scala.concurrent.package$.blocking(package.scala:142)
ru.neoflex.datalog.actors.SystemUtilRunnerActor$.$anonfun$runSh$1(SystemUtilRunnerActor.scala:37)
scala.concurrent.Future$.$anonfun$apply$1(Future.scala:655)
scala.util.Success.$anonfun$map$1(Try.scala:251)
scala.util.Success.map(Try.scala:209)
scala.concurrent.Future.$anonfun$map$1(Future.scala:289)
scala.concurrent.impl.Promise.liftedTree1$1(Promise.scala:29)
scala.concurrent.impl.Promise.$anonfun$transform$1(Promise.scala:29)
scala.concurrent.impl.CallbackRunnable.run$$$capture(Promise.scala:60)
scala.concurrent.impl.CallbackRunnable.run(Promise.scala)
akka.dispatch.BatchingExecutor$AbstractBatch.processBatch(BatchingExecutor.scala:63)
akka.dispatch.BatchingExecutor$BlockableBatch.$anonfun$run$1(BatchingExecutor.scala:100)
scala.runtime.java8.JFunction0$mcV$sp.apply(JFunction0$mcV$sp.java:12)
scala.concurrent.BlockContext$.withBlockContext(BlockContext.scala:81)
akka.dispatch.BatchingExecutor$BlockableBatch.run(BatchingExecutor.scala:100)
akka.dispatch.TaskInvocation.run(AbstractDispatcher.scala:49)
akka.dispatch.ForkJoinExecutorConfigurator$AkkaForkJoinTask.exec(ForkJoinExecutorConfigurator.scala:48)
java.util.concurrent.ForkJoinTask.doExec$$$capture(ForkJoinTask.java:289)
java.util.concurrent.ForkJoinTask.doExec(ForkJoinTask.java)
java.util.concurrent.ForkJoinPool$WorkQueue.runTask(ForkJoinPool.java:1056)
java.util.concurrent.ForkJoinPool.runWorker(ForkJoinPool.java:1692)
java.util.concurrent.ForkJoinWorkerThread.run(ForkJoinWorkerThread.java:157)
